# JRE version: OpenJDK Runtime Environment (8.0_181-b13) (build 1.8.0_181-8u181-b13-0ubuntu0.18.04.1-b13)
# Java VM: OpenJDK 64-Bit Server VM (25.181-b13 mixed mode linux-amd64 compressed oops)
Heap:
 PSYoungGen      total 193536K, used 15869K [0x00000000d6f00000, 0x00000000e4080000, 0x0000000100000000)
  eden space 177664K, 0% used [0x00000000d6f00000,0x00000000d6f00000,0x00000000e1c80000)
  from space 15872K, 99% used [0x00000000e1c80000,0x00000000e2bff698,0x00000000e2c00000)
  to   space 16384K, 0% used [0x00000000e2c00000,0x00000000e2c00000,0x00000000e3c00000)
 ParOldGen       total 97280K, used 29027K [0x0000000084c00000, 0x000000008ab00000, 0x00000000d6f00000)
  object space 97280K, 29% used [0x0000000084c00000,0x0000000086858e80,0x000000008ab00000)
 Metaspace       used 54259K, capacity 56652K, committed 56960K, reserved 1099776K
  class space    used 7010K, capacity 7450K, committed 7552K, reserved 1048576K
GC Heap History (10 events):
Event: 2.797 GC heap after
Heap after GC invocations=8 (full 1):
 PSYoungGen      total 133120K, used 8681K [0x00000000d6f00000, 0x00000000e1080000, 0x0000000100000000)
  eden space 123904K, 0% used [0x00000000d6f00000,0x00000000d6f00000,0x00000000de800000)
  from space 9216K, 94% used [0x00000000de800000,0x00000000df07a4d8,0x00000000df100000)
  to   space 10240K, 0% used [0x00000000e0680000,0x00000000e0680000,0x00000000e1080000)
 ParOldGen       total 59904K, used 9757K [0x0000000084c00000, 0x0000000088680000, 0x00000000d6f00000)
  object space 59904K, 16% used [0x0000000084c00000,0x0000000085587600,0x0000000088680000)
 Metaspace       used 25026K, capacity 25788K, committed 25856K, reserved 1071104K
  class space    used 3100K, capacity 3298K, committed 3328K, reserved 1048576K
}
Event: 5.477 GC heap before
{Heap before GC invocations=9 (full 1):
 PSYoungGen      total 133120K, used 132585K [0x00000000d6f00000, 0x00000000e1080000, 0x0000000100000000)
  eden space 123904K, 100% used [0x00000000d6f00000,0x00000000de800000,0x00000000de800000)
  from space 9216K, 94% used [0x00000000de800000,0x00000000df07a4d8,0x00000000df100000)
  to   space 10240K, 0% used [0x00000000e0680000,0x00000000e0680000,0x00000000e1080000)
 ParOldGen       total 59904K, used 9757K [0x0000000084c00000, 0x0000000088680000, 0x00000000d6f00000)
  object space 59904K, 16% used [0x0000000084c00000,0x0000000085587600,0x0000000088680000)
 Metaspace       used 29054K, capacity 30240K, committed 30336K, reserved 1075200K
  class space    used 3646K, capacity 3908K, committed 3968K, reserved 1048576K
Event: 5.487 GC heap after
Heap after GC invocations=9 (full 1):
 PSYoungGen      total 153088K, used 10217K [0x00000000d6f00000, 0x00000000e3700000, 0x0000000100000000)
  eden space 142848K, 0% used [0x00000000d6f00000,0x00000000d6f00000,0x00000000dfa80000)
  from space 10240K, 99% used [0x00000000e0680000,0x00000000e107a7a0,0x00000000e1080000)
  to   space 12288K, 0% used [0x00000000dfa80000,0x00000000dfa80000,0x00000000e0680000)
 ParOldGen       total 59904K, used 11251K [0x0000000084c00000, 0x0000000088680000, 0x00000000d6f00000)
  object space 59904K, 18% used [0x0000000084c00000,0x00000000856fce50,0x0000000088680000)
 Metaspace       used 29054K, capacity 30240K, committed 30336K, reserved 1075200K
  class space    used 3646K, capacity 3908K, committed 3968K, reserved 1048576K
}
Event: 18.395 GC heap before
{Heap before GC invocations=10 (full 1):
 PSYoungGen      total 153088K, used 133310K [0x00000000d6f00000, 0x00000000e3700000, 0x0000000100000000)
  eden space 142848K, 86% used [0x00000000d6f00000,0x00000000de7353b8,0x00000000dfa80000)
  from space 10240K, 99% used [0x00000000e0680000,0x00000000e107a7a0,0x00000000e1080000)
  to   space 12288K, 0% used [0x00000000dfa80000,0x00000000dfa80000,0x00000000e0680000)
 ParOldGen       total 59904K, used 11251K [0x0000000084c00000, 0x0000000088680000, 0x00000000d6f00000)
  object space 59904K, 18% used [0x0000000084c00000,0x00000000856fce50,0x0000000088680000)
 Metaspace       used 33749K, capacity 35310K, committed 35416K, reserved 1081344K
  class space    used 4268K, capacity 4581K, committed 4608K, reserved 1048576K
Event: 18.436 GC heap after
Heap after GC invocations=10 (full 1):
 PSYoungGen      total 155136K, used 12281K [0x00000000d6f00000, 0x00000000e3c00000, 0x0000000100000000)
  eden space 142848K, 0% used [0x00000000d6f00000,0x00000000d6f00000,0x00000000dfa80000)
  from space 12288K, 99% used [0x00000000dfa80000,0x00000000e067e748,0x00000000e0680000)
  to   space 16384K, 0% used [0x00000000e2c00000,0x00000000e2c00000,0x00000000e3c00000)
 ParOldGen       total 59904K, used 17210K [0x0000000084c00000, 0x0000000088680000, 0x00000000d6f00000)
  object space 59904K, 28% used [0x0000000084c00000,0x0000000085cce808,0x0000000088680000)
 Metaspace       used 33749K, capacity 35310K, committed 35416K, reserved 1081344K
  class space    used 4268K, capacity 4581K, committed 4608K, reserved 1048576K
}
Event: 18.436 GC heap before
{Heap before GC invocations=11 (full 2):
 PSYoungGen      total 155136K, used 12281K [0x00000000d6f00000, 0x00000000e3c00000, 0x0000000100000000)
  eden space 142848K, 0% used [0x00000000d6f00000,0x00000000d6f00000,0x00000000dfa80000)
  from space 12288K, 99% used [0x00000000dfa80000,0x00000000e067e748,0x00000000e0680000)
  to   space 16384K, 0% used [0x00000000e2c00000,0x00000000e2c00000,0x00000000e3c00000)
 ParOldGen       total 59904K, used 17210K [0x0000000084c00000, 0x0000000088680000, 0x00000000d6f00000)
  object space 59904K, 28% used [0x0000000084c00000,0x0000000085cce808,0x0000000088680000)
 Metaspace       used 33749K, capacity 35310K, committed 35416K, reserved 1081344K
  class space    used 4268K, capacity 4581K, committed 4608K, reserved 1048576K
Event: 18.515 GC heap after
Heap after GC invocations=11 (full 2):
 PSYoungGen      total 155136K, used 0K [0x00000000d6f00000, 0x00000000e3c00000, 0x0000000100000000)
  eden space 142848K, 0% used [0x00000000d6f00000,0x00000000d6f00000,0x00000000dfa80000)
  from space 12288K, 0% used [0x00000000dfa80000,0x00000000dfa80000,0x00000000e0680000)
  to   space 16384K, 0% used [0x00000000e2c00000,0x00000000e2c00000,0x00000000e3c00000)
 ParOldGen       total 97280K, used 22316K [0x0000000084c00000, 0x000000008ab00000, 0x00000000d6f00000)
  object space 97280K, 22% used [0x0000000084c00000,0x00000000861cb078,0x000000008ab00000)
 Metaspace       used 33749K, capacity 35310K, committed 35416K, reserved 1081344K
  class space    used 4268K, capacity 4581K, committed 4608K, reserved 1048576K
}
Event: 49.704 GC heap before
{Heap before GC invocations=12 (full 2):
 PSYoungGen      total 155136K, used 142848K [0x00000000d6f00000, 0x00000000e3c00000, 0x0000000100000000)
  eden space 142848K, 100% used [0x00000000d6f00000,0x00000000dfa80000,0x00000000dfa80000)
  from space 12288K, 0% used [0x00000000dfa80000,0x00000000dfa80000,0x00000000e0680000)
  to   space 16384K, 0% used [0x00000000e2c00000,0x00000000e2c00000,0x00000000e3c00000)
 ParOldGen       total 97280K, used 22316K [0x0000000084c00000, 0x000000008ab00000, 0x00000000d6f00000)
  object space 97280K, 22% used [0x0000000084c00000,0x00000000861cb078,0x000000008ab00000)
 Metaspace       used 39321K, capacity 41144K, committed 41472K, reserved 1085440K
  class space    used 4904K, capacity 5258K, committed 5376K, reserved 1048576K
Event: 49.867 GC heap after
Heap after GC invocations=12 (full 2):
 PSYoungGen      total 194048K, used 8200K [0x00000000d6f00000, 0x00000000e4080000, 0x0000000100000000)
  eden space 177664K, 0% used [0x00000000d6f00000,0x00000000d6f00000,0x00000000e1c80000)
  from space 16384K, 50% used [0x00000000e2c00000,0x00000000e34023b8,0x00000000e3c00000)
  to   space 15872K, 0% used [0x00000000e1c80000,0x00000000e1c80000,0x00000000e2c00000)
 ParOldGen       total 97280K, used 22324K [0x0000000084c00000, 0x000000008ab00000, 0x00000000d6f00000)
  object space 97280K, 22% used [0x0000000084c00000,0x00000000861cd078,0x000000008ab00000)
 Metaspace       used 39321K, capacity 41144K, committed 41472K, reserved 1085440K
  class space    used 4904K, capacity 5258K, committed 5376K, reserved 1048576K
}
Event: 186.779 GC heap before
{Heap before GC invocations=13 (full 2):
 PSYoungGen      total 194048K, used 185864K [0x00000000d6f00000, 0x00000000e4080000, 0x0000000100000000)
  eden space 177664K, 100% used [0x00000000d6f00000,0x00000000e1c80000,0x00000000e1c80000)
  from space 16384K, 50% used [0x00000000e2c00000,0x00000000e34023b8,0x00000000e3c00000)
  to   space 15872K, 0% used [0x00000000e1c80000,0x00000000e1c80000,0x00000000e2c00000)
 ParOldGen       total 97280K, used 22324K [0x0000000084c00000, 0x000000008ab00000, 0x00000000d6f00000)
  object space 97280K, 22% used [0x0000000084c00000,0x00000000861cd078,0x000000008ab00000)
 Metaspace       used 54259K, capacity 56652K, committed 56960K, reserved 1099776K
  class space    used 7010K, capacity 7450K, committed 7552K, reserved 1048576K

