# JRE version: OpenJDK Runtime Environment (8.0_181-b13) (build 1.8.0_181-8u181-b13-0ubuntu0.18.04.1-b13)
# Java VM: OpenJDK 64-Bit Server VM (25.181-b13 mixed mode linux-amd64 compressed oops)
Heap:
 PSYoungGen      total 413696K, used 8011K [0x00000000d6f00000, 0x00000000f4c80000, 0x0000000100000000)
  eden space 403456K, 1% used [0x00000000d6f00000,0x00000000d76d2e58,0x00000000ef900000)
  from space 10240K, 0% used [0x00000000f2d80000,0x00000000f2d80000,0x00000000f3780000)
  to   space 21504K, 0% used [0x00000000f3780000,0x00000000f3780000,0x00000000f4c80000)
 ParOldGen       total 167424K, used 51155K [0x0000000084c00000, 0x000000008ef80000, 0x00000000d6f00000)
  object space 167424K, 30% used [0x0000000084c00000,0x0000000087df4e28,0x000000008ef80000)
 Metaspace       used 91046K, capacity 94278K, committed 96000K, reserved 1134592K
  class space    used 10038K, capacity 10747K, committed 11008K, reserved 1048576K
GC Heap History (10 events):
Event: 2343.913 GC heap before
{Heap before GC invocations=43 (full 11):
 PSYoungGen      total 469504K, used 469152K [0x00000000d6f00000, 0x00000000f7880000, 0x0000000100000000)
  eden space 454656K, 100% used [0x00000000d6f00000,0x00000000f2b00000,0x00000000f2b00000)
  from space 14848K, 97% used [0x00000000f5180000,0x00000000f5fa80e8,0x00000000f6000000)
  to   space 25088K, 0% used [0x00000000f6000000,0x00000000f6000000,0x00000000f7880000)
 ParOldGen       total 167424K, used 57516K [0x0000000084c00000, 0x000000008ef80000, 0x00000000d6f00000)
  object space 167424K, 34% used [0x0000000084c00000,0x000000008842b210,0x000000008ef80000)
 Metaspace       used 91914K, capacity 95758K, committed 96000K, reserved 1134592K
  class space    used 10168K, capacity 10989K, committed 11008K, reserved 1048576K
Event: 2343.927 GC heap after
Heap after GC invocations=43 (full 11):
 PSYoungGen      total 451584K, used 14602K [0x00000000d6f00000, 0x00000000f6e80000, 0x0000000100000000)
  eden space 436736K, 0% used [0x00000000d6f00000,0x00000000d6f00000,0x00000000f1980000)
  from space 14848K, 98% used [0x00000000f6000000,0x00000000f6e42840,0x00000000f6e80000)
  to   space 25088K, 0% used [0x00000000f3d80000,0x00000000f3d80000,0x00000000f5600000)
 ParOldGen       total 167424K, used 57524K [0x0000000084c00000, 0x000000008ef80000, 0x00000000d6f00000)
  object space 167424K, 34% used [0x0000000084c00000,0x000000008842d210,0x000000008ef80000)
 Metaspace       used 91914K, capacity 95758K, committed 96000K, reserved 1134592K
  class space    used 10168K, capacity 10989K, committed 11008K, reserved 1048576K
}
Event: 2692.250 GC heap before
{Heap before GC invocations=44 (full 11):
 PSYoungGen      total 451584K, used 451338K [0x00000000d6f00000, 0x00000000f6e80000, 0x0000000100000000)
  eden space 436736K, 100% used [0x00000000d6f00000,0x00000000f1980000,0x00000000f1980000)
  from space 14848K, 98% used [0x00000000f6000000,0x00000000f6e42840,0x00000000f6e80000)
  to   space 25088K, 0% used [0x00000000f3d80000,0x00000000f3d80000,0x00000000f5600000)
 ParOldGen       total 167424K, used 57524K [0x0000000084c00000, 0x000000008ef80000, 0x00000000d6f00000)
  object space 167424K, 34% used [0x0000000084c00000,0x000000008842d210,0x000000008ef80000)
 Metaspace       used 91944K, capacity 95822K, committed 96000K, reserved 1134592K
  class space    used 10168K, capacity 10989K, committed 11008K, reserved 1048576K
Event: 2692.259 GC heap after
Heap after GC invocations=44 (full 11):
 PSYoungGen      total 434688K, used 14639K [0x00000000d6f00000, 0x00000000f6080000, 0x0000000100000000)
  eden space 419840K, 0% used [0x00000000d6f00000,0x00000000d6f00000,0x00000000f0900000)
  from space 14848K, 98% used [0x00000000f3d80000,0x00000000f4bcbda8,0x00000000f4c00000)
  to   space 20992K, 0% used [0x00000000f4c00000,0x00000000f4c00000,0x00000000f6080000)
 ParOldGen       total 167424K, used 57532K [0x0000000084c00000, 0x000000008ef80000, 0x00000000d6f00000)
  object space 167424K, 34% used [0x0000000084c00000,0x000000008842f210,0x000000008ef80000)
 Metaspace       used 91944K, capacity 95822K, committed 96000K, reserved 1134592K
  class space    used 10168K, capacity 10989K, committed 11008K, reserved 1048576K
}
Event: 3027.746 GC heap before
{Heap before GC invocations=45 (full 11):
 PSYoungGen      total 434688K, used 434479K [0x00000000d6f00000, 0x00000000f6080000, 0x0000000100000000)
  eden space 419840K, 100% used [0x00000000d6f00000,0x00000000f0900000,0x00000000f0900000)
  from space 14848K, 98% used [0x00000000f3d80000,0x00000000f4bcbda8,0x00000000f4c00000)
  to   space 20992K, 0% used [0x00000000f4c00000,0x00000000f4c00000,0x00000000f6080000)
 ParOldGen       total 167424K, used 57532K [0x0000000084c00000, 0x000000008ef80000, 0x00000000d6f00000)
  object space 167424K, 34% used [0x0000000084c00000,0x000000008842f210,0x000000008ef80000)
 Metaspace       used 91944K, capacity 95822K, committed 96000K, reserved 1134592K
  class space    used 10168K, capacity 10989K, committed 11008K, reserved 1048576K
Event: 3027.753 GC heap after
Heap after GC invocations=45 (full 11):
 PSYoungGen      total 418304K, used 14601K [0x00000000d6f00000, 0x00000000f5a80000, 0x0000000100000000)
  eden space 403456K, 0% used [0x00000000d6f00000,0x00000000d6f00000,0x00000000ef900000)
  from space 14848K, 98% used [0x00000000f4c00000,0x00000000f5a426f8,0x00000000f5a80000)
  to   space 23040K, 0% used [0x00000000f2d80000,0x00000000f2d80000,0x00000000f4400000)
 ParOldGen       total 167424K, used 57532K [0x0000000084c00000, 0x000000008ef80000, 0x00000000d6f00000)
  object space 167424K, 34% used [0x0000000084c00000,0x000000008842f210,0x000000008ef80000)
 Metaspace       used 91944K, capacity 95822K, committed 96000K, reserved 1134592K
  class space    used 10168K, capacity 10989K, committed 11008K, reserved 1048576K
}
Event: 3212.188 GC heap before
{Heap before GC invocations=46 (full 11):
 PSYoungGen      total 418304K, used 254361K [0x00000000d6f00000, 0x00000000f5a80000, 0x0000000100000000)
  eden space 403456K, 59% used [0x00000000d6f00000,0x00000000e5923ef0,0x00000000ef900000)
  from space 14848K, 98% used [0x00000000f4c00000,0x00000000f5a426f8,0x00000000f5a80000)
  to   space 23040K, 0% used [0x00000000f2d80000,0x00000000f2d80000,0x00000000f4400000)
 ParOldGen       total 167424K, used 57532K [0x0000000084c00000, 0x000000008ef80000, 0x00000000d6f00000)
  object space 167424K, 34% used [0x0000000084c00000,0x000000008842f210,0x000000008ef80000)
 Metaspace       used 91953K, capacity 95828K, committed 96000K, reserved 1134592K
  class space    used 10169K, capacity 10991K, committed 11008K, reserved 1048576K
Event: 3212.225 GC heap after
Heap after GC invocations=46 (full 11):
 PSYoungGen      total 413696K, used 9764K [0x00000000d6f00000, 0x00000000f4c80000, 0x0000000100000000)
  eden space 403456K, 0% used [0x00000000d6f00000,0x00000000d6f00000,0x00000000ef900000)
  from space 10240K, 95% used [0x00000000f2d80000,0x00000000f37092d0,0x00000000f3780000)
  to   space 21504K, 0% used [0x00000000f3780000,0x00000000f3780000,0x00000000f4c80000)
 ParOldGen       total 167424K, used 57532K [0x0000000084c00000, 0x000000008ef80000, 0x00000000d6f00000)
  object space 167424K, 34% used [0x0000000084c00000,0x000000008842f210,0x000000008ef80000)
 Metaspace       used 91953K, capacity 95828K, committed 96000K, reserved 1134592K
  class space    used 10169K, capacity 10991K, committed 11008K, reserved 1048576K
}
Event: 3212.225 GC heap before
{Heap before GC invocations=47 (full 12):
 PSYoungGen      total 413696K, used 9764K [0x00000000d6f00000, 0x00000000f4c80000, 0x0000000100000000)
  eden space 403456K, 0% used [0x00000000d6f00000,0x00000000d6f00000,0x00000000ef900000)
  from space 10240K, 95% used [0x00000000f2d80000,0x00000000f37092d0,0x00000000f3780000)
  to   space 21504K, 0% used [0x00000000f3780000,0x00000000f3780000,0x00000000f4c80000)
 ParOldGen       total 167424K, used 57532K [0x0000000084c00000, 0x000000008ef80000, 0x00000000d6f00000)
  object space 167424K, 34% used [0x0000000084c00000,0x000000008842f210,0x000000008ef80000)
 Metaspace       used 91953K, capacity 95828K, committed 96000K, reserved 1134592K
  class space    used 10169K, capacity 10991K, committed 11008K, reserved 1048576K
Event: 3212.630 GC heap after
Heap after GC invocations=47 (full 12):
 PSYoungGen      total 413696K, used 0K [0x00000000d6f00000, 0x00000000f4c80000, 0x0000000100000000)
  eden space 403456K, 0% used [0x00000000d6f00000,0x00000000d6f00000,0x00000000ef900000)
  from space 10240K, 0% used [0x00000000f2d80000,0x00000000f2d80000,0x00000000f3780000)
  to   space 21504K, 0% used [0x00000000f3780000,0x00000000f3780000,0x00000000f4c80000)
 ParOldGen       total 167424K, used 51155K [0x0000000084c00000, 0x000000008ef80000, 0x00000000d6f00000)
  object space 167424K, 30% used [0x0000000084c00000,0x0000000087df4e28,0x000000008ef80000)
 Metaspace       used 91035K, capacity 94272K, committed 96000K, reserved 1134592K
  class space    used 10037K, capacity 10745K, committed 11008K, reserved 1048576K
}

