# JRE version: OpenJDK Runtime Environment (8.0_181-b13) (build 1.8.0_181-8u181-b13-0ubuntu0.18.04.1-b13)
# Java VM: OpenJDK 64-Bit Server VM (25.181-b13 mixed mode linux-amd64 compressed oops)
Heap:
 PSYoungGen      total 280064K, used 9903K [0x00000000d6f00000, 0x00000000e9580000, 0x0000000100000000)
  eden space 260608K, 3% used [0x00000000d6f00000,0x00000000d78abe48,0x00000000e6d80000)
  from space 19456K, 0% used [0x00000000e8280000,0x00000000e8280000,0x00000000e9580000)
  to   space 20480K, 0% used [0x00000000e6d80000,0x00000000e6d80000,0x00000000e8180000)
 ParOldGen       total 142336K, used 38161K [0x0000000084c00000, 0x000000008d700000, 0x00000000d6f00000)
  object space 142336K, 26% used [0x0000000084c00000,0x0000000087144648,0x000000008d700000)
 Metaspace       used 63775K, capacity 66434K, committed 66560K, reserved 1107968K
  class space    used 8234K, capacity 8684K, committed 8704K, reserved 1048576K
GC Heap History (10 events):
Event: 5.213 GC heap before
{Heap before GC invocations=14 (full 2):
 PSYoungGen      total 196608K, used 101963K [0x00000000d6f00000, 0x00000000e6e80000, 0x0000000100000000)
  eden space 180736K, 47% used [0x00000000d6f00000,0x00000000dc318b58,0x00000000e1f80000)
  from space 15872K, 99% used [0x00000000e1f80000,0x00000000e2efa0e0,0x00000000e2f00000)
  to   space 19968K, 0% used [0x00000000e5b00000,0x00000000e5b00000,0x00000000e6e80000)
 ParOldGen       total 99328K, used 28627K [0x0000000084c00000, 0x000000008ad00000, 0x00000000d6f00000)
  object space 99328K, 28% used [0x0000000084c00000,0x00000000867f4e60,0x000000008ad00000)
 Metaspace       used 56475K, capacity 58882K, committed 59008K, reserved 1099776K
  class space    used 7241K, capacity 7685K, committed 7808K, reserved 1048576K
Event: 5.225 GC heap after
Heap after GC invocations=14 (full 2):
 PSYoungGen      total 239616K, used 16754K [0x00000000d6f00000, 0x00000000e7300000, 0x0000000100000000)
  eden space 219648K, 0% used [0x00000000d6f00000,0x00000000d6f00000,0x00000000e4580000)
  from space 19968K, 83% used [0x00000000e5b00000,0x00000000e6b5c958,0x00000000e6e80000)
  to   space 22016K, 0% used [0x00000000e4580000,0x00000000e4580000,0x00000000e5b00000)
 ParOldGen       total 99328K, used 28635K [0x0000000084c00000, 0x000000008ad00000, 0x00000000d6f00000)
  object space 99328K, 28% used [0x0000000084c00000,0x00000000867f6e60,0x000000008ad00000)
 Metaspace       used 56475K, capacity 58882K, committed 59008K, reserved 1099776K
  class space    used 7241K, capacity 7685K, committed 7808K, reserved 1048576K
}
Event: 5.226 GC heap before
{Heap before GC invocations=15 (full 3):
 PSYoungGen      total 239616K, used 16754K [0x00000000d6f00000, 0x00000000e7300000, 0x0000000100000000)
  eden space 219648K, 0% used [0x00000000d6f00000,0x00000000d6f00000,0x00000000e4580000)
  from space 19968K, 83% used [0x00000000e5b00000,0x00000000e6b5c958,0x00000000e6e80000)
  to   space 22016K, 0% used [0x00000000e4580000,0x00000000e4580000,0x00000000e5b00000)
 ParOldGen       total 99328K, used 28635K [0x0000000084c00000, 0x000000008ad00000, 0x00000000d6f00000)
  object space 99328K, 28% used [0x0000000084c00000,0x00000000867f6e60,0x000000008ad00000)
 Metaspace       used 56475K, capacity 58882K, committed 59008K, reserved 1099776K
  class space    used 7241K, capacity 7685K, committed 7808K, reserved 1048576K
Event: 5.346 GC heap after
Heap after GC invocations=15 (full 3):
 PSYoungGen      total 239616K, used 0K [0x00000000d6f00000, 0x00000000e7300000, 0x0000000100000000)
  eden space 219648K, 0% used [0x00000000d6f00000,0x00000000d6f00000,0x00000000e4580000)
  from space 19968K, 0% used [0x00000000e5b00000,0x00000000e5b00000,0x00000000e6e80000)
  to   space 22016K, 0% used [0x00000000e4580000,0x00000000e4580000,0x00000000e5b00000)
 ParOldGen       total 142336K, used 35823K [0x0000000084c00000, 0x000000008d700000, 0x00000000d6f00000)
  object space 142336K, 25% used [0x0000000084c00000,0x0000000086efbff8,0x000000008d700000)
 Metaspace       used 56445K, capacity 58834K, committed 59008K, reserved 1099776K
  class space    used 7237K, capacity 7677K, committed 7808K, reserved 1048576K
}
Event: 7.206 GC heap before
{Heap before GC invocations=16 (full 3):
 PSYoungGen      total 239616K, used 219648K [0x00000000d6f00000, 0x00000000e7300000, 0x0000000100000000)
  eden space 219648K, 100% used [0x00000000d6f00000,0x00000000e4580000,0x00000000e4580000)
  from space 19968K, 0% used [0x00000000e5b00000,0x00000000e5b00000,0x00000000e6e80000)
  to   space 22016K, 0% used [0x00000000e4580000,0x00000000e4580000,0x00000000e5b00000)
 ParOldGen       total 142336K, used 35823K [0x0000000084c00000, 0x000000008d700000, 0x00000000d6f00000)
  object space 142336K, 25% used [0x0000000084c00000,0x0000000086efbff8,0x000000008d700000)
 Metaspace       used 61877K, capacity 64446K, committed 64768K, reserved 1105920K
  class space    used 7994K, capacity 8429K, committed 8448K, reserved 1048576K
Event: 7.218 GC heap after
Heap after GC invocations=16 (full 3):
 PSYoungGen      total 241664K, used 12913K [0x00000000d6f00000, 0x00000000e9780000, 0x0000000100000000)
  eden space 219648K, 0% used [0x00000000d6f00000,0x00000000d6f00000,0x00000000e4580000)
  from space 22016K, 58% used [0x00000000e4580000,0x00000000e521c7d8,0x00000000e5b00000)
  to   space 21504K, 0% used [0x00000000e8280000,0x00000000e8280000,0x00000000e9780000)
 ParOldGen       total 142336K, used 35831K [0x0000000084c00000, 0x000000008d700000, 0x00000000d6f00000)
  object space 142336K, 25% used [0x0000000084c00000,0x0000000086efdff8,0x000000008d700000)
 Metaspace       used 61877K, capacity 64446K, committed 64768K, reserved 1105920K
  class space    used 7994K, capacity 8429K, committed 8448K, reserved 1048576K
}
Event: 96.585 GC heap before
{Heap before GC invocations=17 (full 3):
 PSYoungGen      total 241664K, used 114985K [0x00000000d6f00000, 0x00000000e9780000, 0x0000000100000000)
  eden space 219648K, 46% used [0x00000000d6f00000,0x00000000dd2adda8,0x00000000e4580000)
  from space 22016K, 58% used [0x00000000e4580000,0x00000000e521c7d8,0x00000000e5b00000)
  to   space 21504K, 0% used [0x00000000e8280000,0x00000000e8280000,0x00000000e9780000)
 ParOldGen       total 142336K, used 35831K [0x0000000084c00000, 0x000000008d700000, 0x00000000d6f00000)
  object space 142336K, 25% used [0x0000000084c00000,0x0000000086efdff8,0x000000008d700000)
 Metaspace       used 63770K, capacity 66434K, committed 66560K, reserved 1107968K
  class space    used 8233K, capacity 8684K, committed 8704K, reserved 1048576K
Event: 96.611 GC heap after
Heap after GC invocations=17 (full 3):
 PSYoungGen      total 280064K, used 9840K [0x00000000d6f00000, 0x00000000e9580000, 0x0000000100000000)
  eden space 260608K, 0% used [0x00000000d6f00000,0x00000000d6f00000,0x00000000e6d80000)
  from space 19456K, 50% used [0x00000000e8280000,0x00000000e8c1c1d0,0x00000000e9580000)
  to   space 20480K, 0% used [0x00000000e6d80000,0x00000000e6d80000,0x00000000e8180000)
 ParOldGen       total 142336K, used 35839K [0x0000000084c00000, 0x000000008d700000, 0x00000000d6f00000)
  object space 142336K, 25% used [0x0000000084c00000,0x0000000086effff8,0x000000008d700000)
 Metaspace       used 63770K, capacity 66434K, committed 66560K, reserved 1107968K
  class space    used 8233K, capacity 8684K, committed 8704K, reserved 1048576K
}
Event: 96.611 GC heap before
{Heap before GC invocations=18 (full 4):
 PSYoungGen      total 280064K, used 9840K [0x00000000d6f00000, 0x00000000e9580000, 0x0000000100000000)
  eden space 260608K, 0% used [0x00000000d6f00000,0x00000000d6f00000,0x00000000e6d80000)
  from space 19456K, 50% used [0x00000000e8280000,0x00000000e8c1c1d0,0x00000000e9580000)
  to   space 20480K, 0% used [0x00000000e6d80000,0x00000000e6d80000,0x00000000e8180000)
 ParOldGen       total 142336K, used 35839K [0x0000000084c00000, 0x000000008d700000, 0x00000000d6f00000)
  object space 142336K, 25% used [0x0000000084c00000,0x0000000086effff8,0x000000008d700000)
 Metaspace       used 63770K, capacity 66434K, committed 66560K, reserved 1107968K
  class space    used 8233K, capacity 8684K, committed 8704K, reserved 1048576K
Event: 96.837 GC heap after
Heap after GC invocations=18 (full 4):
 PSYoungGen      total 280064K, used 0K [0x00000000d6f00000, 0x00000000e9580000, 0x0000000100000000)
  eden space 260608K, 0% used [0x00000000d6f00000,0x00000000d6f00000,0x00000000e6d80000)
  from space 19456K, 0% used [0x00000000e8280000,0x00000000e8280000,0x00000000e9580000)
  to   space 20480K, 0% used [0x00000000e6d80000,0x00000000e6d80000,0x00000000e8180000)
 ParOldGen       total 142336K, used 38161K [0x0000000084c00000, 0x000000008d700000, 0x00000000d6f00000)
  object space 142336K, 26% used [0x0000000084c00000,0x0000000087144648,0x000000008d700000)
 Metaspace       used 63770K, capacity 66434K, committed 66560K, reserved 1107968K
  class space    used 8233K, capacity 8684K, committed 8704K, reserved 1048576K
}

