# JRE version: OpenJDK Runtime Environment (8.0_181-b13) (build 1.8.0_181-8u181-b13-0ubuntu0.18.04.1-b13)
# Java VM: OpenJDK 64-Bit Server VM (25.181-b13 mixed mode linux-amd64 compressed oops)
Heap:
 PSYoungGen      total 115712K, used 7477K [0x00000000d6f00000, 0x00000000df900000, 0x0000000100000000)
  eden space 106496K, 0% used [0x00000000d6f00000,0x00000000d6f00000,0x00000000dd700000)
  from space 9216K, 81% used [0x00000000de700000,0x00000000dee4d590,0x00000000df000000)
  to   space 4608K, 0% used [0x00000000df480000,0x00000000df480000,0x00000000df900000)
 ParOldGen       total 60416K, used 9591K [0x0000000084c00000, 0x0000000088700000, 0x00000000d6f00000)
  object space 60416K, 15% used [0x0000000084c00000,0x000000008555dc98,0x0000000088700000)
 Metaspace       used 26517K, capacity 27388K, committed 27648K, reserved 1073152K
  class space    used 3321K, capacity 3520K, committed 3584K, reserved 1048576K
GC Heap History (10 events):
Event: 0.959 GC heap after
Heap after GC invocations=3 (full 0):
 PSYoungGen      total 36864K, used 4864K [0x00000000d6f00000, 0x00000000db700000, 0x0000000100000000)
  eden space 31744K, 0% used [0x00000000d6f00000,0x00000000d6f00000,0x00000000d8e00000)
  from space 5120K, 95% used [0x00000000d8e00000,0x00000000d92c00f8,0x00000000d9300000)
  to   space 5120K, 0% used [0x00000000db200000,0x00000000db200000,0x00000000db700000)
 ParOldGen       total 84992K, used 24K [0x0000000084c00000, 0x0000000089f00000, 0x00000000d6f00000)
  object space 84992K, 0% used [0x0000000084c00000,0x0000000084c06000,0x0000000089f00000)
 Metaspace       used 12333K, capacity 12824K, committed 12928K, reserved 1060864K
  class space    used 1468K, capacity 1587K, committed 1664K, reserved 1048576K
}
Event: 1.272 GC heap before
{Heap before GC invocations=4 (full 0):
 PSYoungGen      total 36864K, used 36608K [0x00000000d6f00000, 0x00000000db700000, 0x0000000100000000)
  eden space 31744K, 100% used [0x00000000d6f00000,0x00000000d8e00000,0x00000000d8e00000)
  from space 5120K, 95% used [0x00000000d8e00000,0x00000000d92c00f8,0x00000000d9300000)
  to   space 5120K, 0% used [0x00000000db200000,0x00000000db200000,0x00000000db700000)
 ParOldGen       total 84992K, used 24K [0x0000000084c00000, 0x0000000089f00000, 0x00000000d6f00000)
  object space 84992K, 0% used [0x0000000084c00000,0x0000000084c06000,0x0000000089f00000)
 Metaspace       used 14320K, capacity 14754K, committed 15104K, reserved 1062912K
  class space    used 1813K, capacity 1946K, committed 2048K, reserved 1048576K
Event: 1.276 GC heap after
Heap after GC invocations=4 (full 0):
 PSYoungGen      total 68608K, used 5097K [0x00000000d6f00000, 0x00000000db700000, 0x0000000100000000)
  eden space 63488K, 0% used [0x00000000d6f00000,0x00000000d6f00000,0x00000000dad00000)
  from space 5120K, 99% used [0x00000000db200000,0x00000000db6fa698,0x00000000db700000)
  to   space 5120K, 0% used [0x00000000dad00000,0x00000000dad00000,0x00000000db200000)
 ParOldGen       total 84992K, used 354K [0x0000000084c00000, 0x0000000089f00000, 0x00000000d6f00000)
  object space 84992K, 0% used [0x0000000084c00000,0x0000000084c588c8,0x0000000089f00000)
 Metaspace       used 14320K, capacity 14754K, committed 15104K, reserved 1062912K
  class space    used 1813K, capacity 1946K, committed 2048K, reserved 1048576K
}
Event: 1.704 GC heap before
{Heap before GC invocations=5 (full 0):
 PSYoungGen      total 68608K, used 60112K [0x00000000d6f00000, 0x00000000db700000, 0x0000000100000000)
  eden space 63488K, 86% used [0x00000000d6f00000,0x00000000da4b9a88,0x00000000dad00000)
  from space 5120K, 99% used [0x00000000db200000,0x00000000db6fa698,0x00000000db700000)
  to   space 5120K, 0% used [0x00000000dad00000,0x00000000dad00000,0x00000000db200000)
 ParOldGen       total 84992K, used 354K [0x0000000084c00000, 0x0000000089f00000, 0x00000000d6f00000)
  object space 84992K, 0% used [0x0000000084c00000,0x0000000084c588c8,0x0000000089f00000)
 Metaspace       used 20460K, capacity 21036K, committed 21248K, reserved 1067008K
  class space    used 2555K, capacity 2717K, committed 2816K, reserved 1048576K
Event: 1.710 GC heap after
Heap after GC invocations=5 (full 0):
 PSYoungGen      total 68608K, used 5089K [0x00000000d6f00000, 0x00000000dfe00000, 0x0000000100000000)
  eden space 63488K, 0% used [0x00000000d6f00000,0x00000000d6f00000,0x00000000dad00000)
  from space 5120K, 99% used [0x00000000dad00000,0x00000000db1f8540,0x00000000db200000)
  to   space 9728K, 0% used [0x00000000df480000,0x00000000df480000,0x00000000dfe00000)
 ParOldGen       total 84992K, used 5005K [0x0000000084c00000, 0x0000000089f00000, 0x00000000d6f00000)
  object space 84992K, 5% used [0x0000000084c00000,0x00000000850e35c8,0x0000000089f00000)
 Metaspace       used 20460K, capacity 21036K, committed 21248K, reserved 1067008K
  class space    used 2555K, capacity 2717K, committed 2816K, reserved 1048576K
}
Event: 1.710 GC heap before
{Heap before GC invocations=6 (full 1):
 PSYoungGen      total 68608K, used 5089K [0x00000000d6f00000, 0x00000000dfe00000, 0x0000000100000000)
  eden space 63488K, 0% used [0x00000000d6f00000,0x00000000d6f00000,0x00000000dad00000)
  from space 5120K, 99% used [0x00000000dad00000,0x00000000db1f8540,0x00000000db200000)
  to   space 9728K, 0% used [0x00000000df480000,0x00000000df480000,0x00000000dfe00000)
 ParOldGen       total 84992K, used 5005K [0x0000000084c00000, 0x0000000089f00000, 0x00000000d6f00000)
  object space 84992K, 5% used [0x0000000084c00000,0x00000000850e35c8,0x0000000089f00000)
 Metaspace       used 20460K, capacity 21036K, committed 21248K, reserved 1067008K
  class space    used 2555K, capacity 2717K, committed 2816K, reserved 1048576K
Event: 1.732 GC heap after
Heap after GC invocations=6 (full 1):
 PSYoungGen      total 68608K, used 0K [0x00000000d6f00000, 0x00000000dfe00000, 0x0000000100000000)
  eden space 63488K, 0% used [0x00000000d6f00000,0x00000000d6f00000,0x00000000dad00000)
  from space 5120K, 0% used [0x00000000dad00000,0x00000000dad00000,0x00000000db200000)
  to   space 9728K, 0% used [0x00000000df480000,0x00000000df480000,0x00000000dfe00000)
 ParOldGen       total 60416K, used 9511K [0x0000000084c00000, 0x0000000088700000, 0x00000000d6f00000)
  object space 60416K, 15% used [0x0000000084c00000,0x0000000085549c88,0x0000000088700000)
 Metaspace       used 20460K, capacity 21036K, committed 21248K, reserved 1067008K
  class space    used 2555K, capacity 2717K, committed 2816K, reserved 1048576K
}
Event: 2.694 GC heap before
{Heap before GC invocations=7 (full 1):
 PSYoungGen      total 68608K, used 63488K [0x00000000d6f00000, 0x00000000dfe00000, 0x0000000100000000)
  eden space 63488K, 100% used [0x00000000d6f00000,0x00000000dad00000,0x00000000dad00000)
  from space 5120K, 0% used [0x00000000dad00000,0x00000000dad00000,0x00000000db200000)
  to   space 9728K, 0% used [0x00000000df480000,0x00000000df480000,0x00000000dfe00000)
 ParOldGen       total 60416K, used 9511K [0x0000000084c00000, 0x0000000088700000, 0x00000000d6f00000)
  object space 60416K, 15% used [0x0000000084c00000,0x0000000085549c88,0x0000000088700000)
 Metaspace       used 24086K, capacity 24866K, committed 24960K, reserved 1071104K
  class space    used 2970K, capacity 3181K, committed 3200K, reserved 1048576K
Event: 3.123 GC heap after
Heap after GC invocations=7 (full 1):
 PSYoungGen      total 111104K, used 4420K [0x00000000d6f00000, 0x00000000df900000, 0x0000000100000000)
  eden space 106496K, 0% used [0x00000000d6f00000,0x00000000d6f00000,0x00000000dd700000)
  from space 4608K, 95% used [0x00000000df480000,0x00000000df8d1140,0x00000000df900000)
  to   space 9216K, 0% used [0x00000000de700000,0x00000000de700000,0x00000000df000000)
 ParOldGen       total 60416K, used 9583K [0x0000000084c00000, 0x0000000088700000, 0x00000000d6f00000)
  object space 60416K, 15% used [0x0000000084c00000,0x000000008555bc98,0x0000000088700000)
 Metaspace       used 24086K, capacity 24866K, committed 24960K, reserved 1071104K
  class space    used 2970K, capacity 3181K, committed 3200K, reserved 1048576K
}
Event: 33.223 GC heap before
{Heap before GC invocations=8 (full 1):
 PSYoungGen      total 111104K, used 110916K [0x00000000d6f00000, 0x00000000df900000, 0x0000000100000000)
  eden space 106496K, 100% used [0x00000000d6f00000,0x00000000dd700000,0x00000000dd700000)
  from space 4608K, 95% used [0x00000000df480000,0x00000000df8d1140,0x00000000df900000)
  to   space 9216K, 0% used [0x00000000de700000,0x00000000de700000,0x00000000df000000)
 ParOldGen       total 60416K, used 9583K [0x0000000084c00000, 0x0000000088700000, 0x00000000d6f00000)
  object space 60416K, 15% used [0x0000000084c00000,0x000000008555bc98,0x0000000088700000)
 Metaspace       used 26517K, capacity 27388K, committed 27648K, reserved 1073152K
  class space    used 3321K, capacity 3520K, committed 3584K, reserved 1048576K

