# JRE version: OpenJDK Runtime Environment (8.0_181-b13) (build 1.8.0_181-8u181-b13-0ubuntu0.18.04.1-b13)
# Java VM: OpenJDK 64-Bit Server VM (25.181-b13 mixed mode linux-amd64 compressed oops)
Heap:
 PSYoungGen      total 270848K, used 5963K [0x00000000d6f00000, 0x00000000e8a00000, 0x0000000100000000)
  eden space 252416K, 0% used [0x00000000d6f00000,0x00000000d6f00000,0x00000000e6580000)
  from space 18432K, 32% used [0x00000000e6580000,0x00000000e6b52e68,0x00000000e7780000)
  to   space 17920K, 0% used [0x00000000e7780000,0x00000000e7780000,0x00000000e8900000)
 ParOldGen       total 91136K, used 26823K [0x0000000084c00000, 0x000000008a500000, 0x00000000d6f00000)
  object space 91136K, 29% used [0x0000000084c00000,0x0000000086631c68,0x000000008a500000)
 Metaspace       used 52264K, capacity 54338K, committed 54528K, reserved 1097728K
  class space    used 6654K, capacity 7055K, committed 7168K, reserved 1048576K
GC Heap History (10 events):
Event: 3.700 GC heap after
Heap after GC invocations=11 (full 2):
 PSYoungGen      total 167424K, used 0K [0x00000000d6f00000, 0x00000000e4f80000, 0x0000000100000000)
  eden space 154112K, 0% used [0x00000000d6f00000,0x00000000d6f00000,0x00000000e0580000)
  from space 13312K, 0% used [0x00000000e0580000,0x00000000e0580000,0x00000000e1280000)
  to   space 14336K, 0% used [0x00000000e4180000,0x00000000e4180000,0x00000000e4f80000)
 ParOldGen       total 91136K, used 19130K [0x0000000084c00000, 0x000000008a500000, 0x00000000d6f00000)
  object space 91136K, 20% used [0x0000000084c00000,0x0000000085eae9c0,0x000000008a500000)
 Metaspace       used 33909K, capacity 35340K, committed 35416K, reserved 1081344K
  class space    used 4257K, capacity 4568K, committed 4608K, reserved 1048576K
}
Event: 5.501 GC heap before
{Heap before GC invocations=12 (full 2):
 PSYoungGen      total 167424K, used 154112K [0x00000000d6f00000, 0x00000000e4f80000, 0x0000000100000000)
  eden space 154112K, 100% used [0x00000000d6f00000,0x00000000e0580000,0x00000000e0580000)
  from space 13312K, 0% used [0x00000000e0580000,0x00000000e0580000,0x00000000e1280000)
  to   space 14336K, 0% used [0x00000000e4180000,0x00000000e4180000,0x00000000e4f80000)
 ParOldGen       total 91136K, used 19130K [0x0000000084c00000, 0x000000008a500000, 0x00000000d6f00000)
  object space 91136K, 20% used [0x0000000084c00000,0x0000000085eae9c0,0x000000008a500000)
 Metaspace       used 45231K, capacity 46934K, committed 47104K, reserved 1089536K
  class space    used 5792K, capacity 6133K, committed 6144K, reserved 1048576K
Event: 5.511 GC heap after
Heap after GC invocations=12 (full 2):
 PSYoungGen      total 208384K, used 13697K [0x00000000d6f00000, 0x00000000e4f00000, 0x0000000100000000)
  eden space 194560K, 0% used [0x00000000d6f00000,0x00000000d6f00000,0x00000000e2d00000)
  from space 13824K, 99% used [0x00000000e4180000,0x00000000e4ee0438,0x00000000e4f00000)
  to   space 15872K, 0% used [0x00000000e3000000,0x00000000e3000000,0x00000000e3f80000)
 ParOldGen       total 91136K, used 19146K [0x0000000084c00000, 0x000000008a500000, 0x00000000d6f00000)
  object space 91136K, 21% used [0x0000000084c00000,0x0000000085eb29d0,0x000000008a500000)
 Metaspace       used 45231K, capacity 46934K, committed 47104K, reserved 1089536K
  class space    used 5792K, capacity 6133K, committed 6144K, reserved 1048576K
}
Event: 6.859 GC heap before
{Heap before GC invocations=13 (full 2):
 PSYoungGen      total 208384K, used 208257K [0x00000000d6f00000, 0x00000000e4f00000, 0x0000000100000000)
  eden space 194560K, 100% used [0x00000000d6f00000,0x00000000e2d00000,0x00000000e2d00000)
  from space 13824K, 99% used [0x00000000e4180000,0x00000000e4ee0438,0x00000000e4f00000)
  to   space 15872K, 0% used [0x00000000e3000000,0x00000000e3000000,0x00000000e3f80000)
 ParOldGen       total 91136K, used 19146K [0x0000000084c00000, 0x000000008a500000, 0x00000000d6f00000)
  object space 91136K, 21% used [0x0000000084c00000,0x0000000085eb29d0,0x000000008a500000)
 Metaspace       used 50252K, capacity 52054K, committed 52224K, reserved 1095680K
  class space    used 6439K, capacity 6797K, committed 6912K, reserved 1048576K
Event: 6.903 GC heap after
Heap after GC invocations=13 (full 2):
 PSYoungGen      total 213504K, used 15597K [0x00000000d6f00000, 0x00000000e8900000, 0x0000000100000000)
  eden space 197632K, 0% used [0x00000000d6f00000,0x00000000d6f00000,0x00000000e3000000)
  from space 15872K, 98% used [0x00000000e3000000,0x00000000e3f3b498,0x00000000e3f80000)
  to   space 17920K, 0% used [0x00000000e7780000,0x00000000e7780000,0x00000000e8900000)
 ParOldGen       total 91136K, used 19154K [0x0000000084c00000, 0x000000008a500000, 0x00000000d6f00000)
  object space 91136K, 21% used [0x0000000084c00000,0x0000000085eb49d0,0x000000008a500000)
 Metaspace       used 50252K, capacity 52054K, committed 52224K, reserved 1095680K
  class space    used 6439K, capacity 6797K, committed 6912K, reserved 1048576K
}
Event: 22.784 GC heap before
{Heap before GC invocations=14 (full 2):
 PSYoungGen      total 213504K, used 95210K [0x00000000d6f00000, 0x00000000e8900000, 0x0000000100000000)
  eden space 197632K, 40% used [0x00000000d6f00000,0x00000000dbcbf4d8,0x00000000e3000000)
  from space 15872K, 98% used [0x00000000e3000000,0x00000000e3f3b498,0x00000000e3f80000)
  to   space 17920K, 0% used [0x00000000e7780000,0x00000000e7780000,0x00000000e8900000)
 ParOldGen       total 91136K, used 19154K [0x0000000084c00000, 0x000000008a500000, 0x00000000d6f00000)
  object space 91136K, 21% used [0x0000000084c00000,0x0000000085eb49d0,0x000000008a500000)
 Metaspace       used 51392K, capacity 53340K, committed 53632K, reserved 1095680K
  class space    used 6588K, capacity 6965K, committed 7040K, reserved 1048576K
Event: 23.014 GC heap after
Heap after GC invocations=14 (full 2):
 PSYoungGen      total 270336K, used 12157K [0x00000000d6f00000, 0x00000000e8a00000, 0x0000000100000000)
  eden space 252416K, 0% used [0x00000000d6f00000,0x00000000d6f00000,0x00000000e6580000)
  from space 17920K, 67% used [0x00000000e7780000,0x00000000e835f670,0x00000000e8900000)
  to   space 18432K, 0% used [0x00000000e6580000,0x00000000e6580000,0x00000000e7780000)
 ParOldGen       total 91136K, used 19162K [0x0000000084c00000, 0x000000008a500000, 0x00000000d6f00000)
  object space 91136K, 21% used [0x0000000084c00000,0x0000000085eb69d0,0x000000008a500000)
 Metaspace       used 51392K, capacity 53340K, committed 53632K, reserved 1095680K
  class space    used 6588K, capacity 6965K, committed 7040K, reserved 1048576K
}
Event: 23.015 GC heap before
{Heap before GC invocations=15 (full 3):
 PSYoungGen      total 270336K, used 12157K [0x00000000d6f00000, 0x00000000e8a00000, 0x0000000100000000)
  eden space 252416K, 0% used [0x00000000d6f00000,0x00000000d6f00000,0x00000000e6580000)
  from space 17920K, 67% used [0x00000000e7780000,0x00000000e835f670,0x00000000e8900000)
  to   space 18432K, 0% used [0x00000000e6580000,0x00000000e6580000,0x00000000e7780000)
 ParOldGen       total 91136K, used 19162K [0x0000000084c00000, 0x000000008a500000, 0x00000000d6f00000)
  object space 91136K, 21% used [0x0000000084c00000,0x0000000085eb69d0,0x000000008a500000)
 Metaspace       used 51392K, capacity 53340K, committed 53632K, reserved 1095680K
  class space    used 6588K, capacity 6965K, committed 7040K, reserved 1048576K
Event: 23.941 GC heap after
Heap after GC invocations=15 (full 3):
 PSYoungGen      total 270336K, used 0K [0x00000000d6f00000, 0x00000000e8a00000, 0x0000000100000000)
  eden space 252416K, 0% used [0x00000000d6f00000,0x00000000d6f00000,0x00000000e6580000)
  from space 17920K, 0% used [0x00000000e7780000,0x00000000e7780000,0x00000000e8900000)
  to   space 18432K, 0% used [0x00000000e6580000,0x00000000e6580000,0x00000000e7780000)
 ParOldGen       total 91136K, used 26815K [0x0000000084c00000, 0x000000008a500000, 0x00000000d6f00000)
  object space 91136K, 29% used [0x0000000084c00000,0x000000008662fc68,0x000000008a500000)
 Metaspace       used 51362K, capacity 53292K, committed 53632K, reserved 1095680K
  class space    used 6584K, capacity 6957K, committed 7040K, reserved 1048576K
}
Event: 44.578 GC heap before
{Heap before GC invocations=16 (full 3):
 PSYoungGen      total 270336K, used 252416K [0x00000000d6f00000, 0x00000000e8a00000, 0x0000000100000000)
  eden space 252416K, 100% used [0x00000000d6f00000,0x00000000e6580000,0x00000000e6580000)
  from space 17920K, 0% used [0x00000000e7780000,0x00000000e7780000,0x00000000e8900000)
  to   space 18432K, 0% used [0x00000000e6580000,0x00000000e6580000,0x00000000e7780000)
 ParOldGen       total 91136K, used 26815K [0x0000000084c00000, 0x000000008a500000, 0x00000000d6f00000)
  object space 91136K, 29% used [0x0000000084c00000,0x000000008662fc68,0x000000008a500000)
 Metaspace       used 52264K, capacity 54338K, committed 54528K, reserved 1097728K
  class space    used 6654K, capacity 7055K, committed 7168K, reserved 1048576K

