# JRE version: OpenJDK Runtime Environment (8.0_181-b13) (build 1.8.0_181-8u181-b13-0ubuntu0.18.04.1-b13)
# Java VM: OpenJDK 64-Bit Server VM (25.181-b13 mixed mode linux-amd64 compressed oops)
Heap:
 PSYoungGen      total 473600K, used 24780K [0x00000000d6f00000, 0x00000000f4500000, 0x0000000100000000)
  eden space 467456K, 5% used [0x00000000d6f00000,0x00000000d87330c0,0x00000000f3780000)
  from space 6144K, 0% used [0x00000000f3e00000,0x00000000f3e00000,0x00000000f4400000)
  to   space 6656K, 0% used [0x00000000f3780000,0x00000000f3780000,0x00000000f3e00000)
 ParOldGen       total 199168K, used 199092K [0x0000000084c00000, 0x0000000090e80000, 0x00000000d6f00000)
  object space 199168K, 99% used [0x0000000084c00000,0x0000000090e6d120,0x0000000090e80000)
 Metaspace       used 420408K, capacity 456931K, committed 457088K, reserved 1460224K
  class space    used 34348K, capacity 46419K, committed 46464K, reserved 1048576K
GC Heap History (10 events):
Event: 1721.470 GC heap after
Heap after GC invocations=965 (full 531):
 PSYoungGen      total 473600K, used 21614K [0x00000000d6f00000, 0x00000000f4500000, 0x0000000100000000)
  eden space 467456K, 4% used [0x00000000d6f00000,0x00000000d841b848,0x00000000f3780000)
  from space 6144K, 0% used [0x00000000f3e00000,0x00000000f3e00000,0x00000000f4400000)
  to   space 6656K, 0% used [0x00000000f3780000,0x00000000f3780000,0x00000000f3e00000)
 ParOldGen       total 199168K, used 199093K [0x0000000084c00000, 0x0000000090e80000, 0x00000000d6f00000)
  object space 199168K, 99% used [0x0000000084c00000,0x0000000090e6d7a8,0x0000000090e80000)
 Metaspace       used 416797K, capacity 453043K, committed 453376K, reserved 1456128K
  class space    used 34070K, capacity 46019K, committed 46080K, reserved 1048576K
}
Event: 1724.260 GC heap before
{Heap before GC invocations=966 (full 532):
 PSYoungGen      total 473600K, used 250094K [0x00000000d6f00000, 0x00000000f4500000, 0x0000000100000000)
  eden space 467456K, 53% used [0x00000000d6f00000,0x00000000e633bb30,0x00000000f3780000)
  from space 6144K, 0% used [0x00000000f3e00000,0x00000000f3e00000,0x00000000f4400000)
  to   space 6656K, 0% used [0x00000000f3780000,0x00000000f3780000,0x00000000f3e00000)
 ParOldGen       total 199168K, used 199093K [0x0000000084c00000, 0x0000000090e80000, 0x00000000d6f00000)
  object space 199168K, 99% used [0x0000000084c00000,0x0000000090e6d7a8,0x0000000090e80000)
 Metaspace       used 417463K, capacity 453761K, committed 454016K, reserved 1458176K
  class space    used 34124K, capacity 46101K, committed 46208K, reserved 1048576K
Event: 1724.588 GC heap after
Heap after GC invocations=966 (full 532):
 PSYoungGen      total 473600K, used 21686K [0x00000000d6f00000, 0x00000000f4500000, 0x0000000100000000)
  eden space 467456K, 4% used [0x00000000d6f00000,0x00000000d842d850,0x00000000f3780000)
  from space 6144K, 0% used [0x00000000f3e00000,0x00000000f3e00000,0x00000000f4400000)
  to   space 6656K, 0% used [0x00000000f3780000,0x00000000f3780000,0x00000000f3e00000)
 ParOldGen       total 199168K, used 199093K [0x0000000084c00000, 0x0000000090e80000, 0x00000000d6f00000)
  object space 199168K, 99% used [0x0000000084c00000,0x0000000090e6d7a8,0x0000000090e80000)
 Metaspace       used 417430K, capacity 453707K, committed 454016K, reserved 1458176K
  class space    used 34119K, capacity 46091K, committed 46208K, reserved 1048576K
}
Event: 1728.799 GC heap before
{Heap before GC invocations=967 (full 533):
 PSYoungGen      total 473600K, used 292918K [0x00000000d6f00000, 0x00000000f4500000, 0x0000000100000000)
  eden space 467456K, 62% used [0x00000000d6f00000,0x00000000e8d0db10,0x00000000f3780000)
  from space 6144K, 0% used [0x00000000f3e00000,0x00000000f3e00000,0x00000000f4400000)
  to   space 6656K, 0% used [0x00000000f3780000,0x00000000f3780000,0x00000000f3e00000)
 ParOldGen       total 199168K, used 199093K [0x0000000084c00000, 0x0000000090e80000, 0x00000000d6f00000)
  object space 199168K, 99% used [0x0000000084c00000,0x0000000090e6d7a8,0x0000000090e80000)
 Metaspace       used 418129K, capacity 454489K, committed 454784K, reserved 1458176K
  class space    used 34174K, capacity 46173K, committed 46208K, reserved 1048576K
Event: 1729.032 GC heap after
Heap after GC invocations=967 (full 533):
 PSYoungGen      total 473600K, used 22323K [0x00000000d6f00000, 0x00000000f4500000, 0x0000000100000000)
  eden space 467456K, 4% used [0x00000000d6f00000,0x00000000d84cce60,0x00000000f3780000)
  from space 6144K, 0% used [0x00000000f3e00000,0x00000000f3e00000,0x00000000f4400000)
  to   space 6656K, 0% used [0x00000000f3780000,0x00000000f3780000,0x00000000f3e00000)
 ParOldGen       total 199168K, used 199093K [0x0000000084c00000, 0x0000000090e80000, 0x00000000d6f00000)
  object space 199168K, 99% used [0x0000000084c00000,0x0000000090e6d7a8,0x0000000090e80000)
 Metaspace       used 418096K, capacity 454435K, committed 454784K, reserved 1458176K
  class space    used 34170K, capacity 46163K, committed 46208K, reserved 1048576K
}
Event: 1732.009 GC heap before
{Heap before GC invocations=968 (full 534):
 PSYoungGen      total 473600K, used 290881K [0x00000000d6f00000, 0x00000000f4500000, 0x0000000100000000)
  eden space 467456K, 62% used [0x00000000d6f00000,0x00000000e8b107d0,0x00000000f3780000)
  from space 6144K, 0% used [0x00000000f3e00000,0x00000000f3e00000,0x00000000f4400000)
  to   space 6656K, 0% used [0x00000000f3780000,0x00000000f3780000,0x00000000f3e00000)
 ParOldGen       total 199168K, used 199093K [0x0000000084c00000, 0x0000000090e80000, 0x00000000d6f00000)
  object space 199168K, 99% used [0x0000000084c00000,0x0000000090e6d7a8,0x0000000090e80000)
 Metaspace       used 418794K, capacity 455217K, committed 455424K, reserved 1458176K
  class space    used 34225K, capacity 46245K, committed 46336K, reserved 1048576K
Event: 1732.313 GC heap after
Heap after GC invocations=968 (full 534):
 PSYoungGen      total 473600K, used 22689K [0x00000000d6f00000, 0x00000000f4500000, 0x0000000100000000)
  eden space 467456K, 4% used [0x00000000d6f00000,0x00000000d85285c0,0x00000000f3780000)
  from space 6144K, 0% used [0x00000000f3e00000,0x00000000f3e00000,0x00000000f4400000)
  to   space 6656K, 0% used [0x00000000f3780000,0x00000000f3780000,0x00000000f3e00000)
 ParOldGen       total 199168K, used 199093K [0x0000000084c00000, 0x0000000090e80000, 0x00000000d6f00000)
  object space 199168K, 99% used [0x0000000084c00000,0x0000000090e6d7a8,0x0000000090e80000)
 Metaspace       used 418762K, capacity 455163K, committed 455424K, reserved 1458176K
  class space    used 34220K, capacity 46235K, committed 46336K, reserved 1048576K
}
Event: 1737.839 GC heap before
{Heap before GC invocations=969 (full 535):
 PSYoungGen      total 473600K, used 260241K [0x00000000d6f00000, 0x00000000f4500000, 0x0000000100000000)
  eden space 467456K, 55% used [0x00000000d6f00000,0x00000000e6d24690,0x00000000f3780000)
  from space 6144K, 0% used [0x00000000f3e00000,0x00000000f3e00000,0x00000000f4400000)
  to   space 6656K, 0% used [0x00000000f3780000,0x00000000f3780000,0x00000000f3e00000)
 ParOldGen       total 199168K, used 199093K [0x0000000084c00000, 0x0000000090e80000, 0x00000000d6f00000)
  object space 199168K, 99% used [0x0000000084c00000,0x0000000090e6d7a8,0x0000000090e80000)
 Metaspace       used 419428K, capacity 455881K, committed 455936K, reserved 1458176K
  class space    used 34274K, capacity 46317K, committed 46336K, reserved 1048576K
Event: 1738.133 GC heap after
Heap after GC invocations=969 (full 535):
 PSYoungGen      total 473600K, used 22689K [0x00000000d6f00000, 0x00000000f4500000, 0x0000000100000000)
  eden space 467456K, 4% used [0x00000000d6f00000,0x00000000d85284b0,0x00000000f3780000)
  from space 6144K, 0% used [0x00000000f3e00000,0x00000000f3e00000,0x00000000f4400000)
  to   space 6656K, 0% used [0x00000000f3780000,0x00000000f3780000,0x00000000f3e00000)
 ParOldGen       total 199168K, used 199093K [0x0000000084c00000, 0x0000000090e80000, 0x00000000d6f00000)
  object space 199168K, 99% used [0x0000000084c00000,0x0000000090e6d7a8,0x0000000090e80000)
 Metaspace       used 419395K, capacity 455827K, committed 455936K, reserved 1458176K
  class space    used 34269K, capacity 46307K, committed 46336K, reserved 1048576K
}
Event: 1758.391 GC heap before
{Heap before GC invocations=970 (full 536):
 PSYoungGen      total 473600K, used 467456K [0x00000000d6f00000, 0x00000000f4500000, 0x0000000100000000)
  eden space 467456K, 100% used [0x00000000d6f00000,0x00000000f3780000,0x00000000f3780000)
  from space 6144K, 0% used [0x00000000f3e00000,0x00000000f3e00000,0x00000000f4400000)
  to   space 6656K, 0% used [0x00000000f3780000,0x00000000f3780000,0x00000000f3e00000)
 ParOldGen       total 199168K, used 199093K [0x0000000084c00000, 0x0000000090e80000, 0x00000000d6f00000)
  object space 199168K, 99% used [0x0000000084c00000,0x0000000090e6d7a8,0x0000000090e80000)
 Metaspace       used 420450K, capacity 457003K, committed 457088K, reserved 1460224K
  class space    used 34354K, capacity 46433K, committed 46464K, reserved 1048576K

